{"C:\\Users\\Admin\\Desktop\\advanced-frontend\\Webpack\\Projects\\fend\\projects\\evaluate-news-nlp\\src\\client\\js\\checkUrlIsValid.js": {"path":"C:\\Users\\Admin\\Desktop\\advanced-frontend\\Webpack\\Projects\\fend\\projects\\evaluate-news-nlp\\src\\client\\js\\checkUrlIsValid.js","statementMap":{"0":{"start":{"line":1,"column":24},"end":{"line":16,"column":1}},"1":{"start":{"line":2,"column":4},"end":{"line":14,"column":5}},"2":{"start":{"line":3,"column":8},"end":{"line":3,"column":21}},"3":{"start":{"line":5,"column":8},"end":{"line":5,"column":27}},"4":{"start":{"line":13,"column":8},"end":{"line":13,"column":21}},"5":{"start":{"line":15,"column":4},"end":{"line":15,"column":15}}},"fnMap":{"0":{"name":"(anonymous_0)","decl":{"start":{"line":1,"column":24},"end":{"line":1,"column":25}},"loc":{"start":{"line":1,"column":33},"end":{"line":16,"column":1}},"line":1}},"branchMap":{},"s":{"0":1,"1":2,"2":2,"3":1,"4":1,"5":1},"f":{"0":2},"b":{},"_coverageSchema":"1a1c01bbd47fc00a2c39e90264f33305004495a9","hash":"0ebf0aab9a048dd34b14032d166506810779e2c0"}
}
